0 info it worked if it ends with ok
1 verbose cli [ 'C:\\Program Files\\nodejs\\node.exe',
1 verbose cli   'C:\\Users\\e313794\\AppData\\Roaming\\npm\\node_modules\\npm\\bin\\npm-cli.js',
1 verbose cli   'install' ]
2 info using npm@3.7.3
3 info using node@v4.2.1
4 silly loadCurrentTree Starting
5 silly install loadCurrentTree
6 silly install readLocalPackageData
7 silly install normalizeTree
8 silly loadCurrentTree Finishing
9 silly loadIdealTree Starting
10 silly install loadIdealTree
11 silly cloneCurrentTree Starting
12 silly install cloneCurrentTreeToIdealTree
13 silly cloneCurrentTree Finishing
14 silly loadShrinkwrap Starting
15 silly install loadShrinkwrap
16 silly loadShrinkwrap Finishing
17 silly loadAllDepsIntoIdealTree Starting
18 silly install loadAllDepsIntoIdealTree
19 silly fetchNamedPackageData gulp-sass
20 silly mapToRegistry name gulp-sass
21 silly mapToRegistry using default registry
22 silly mapToRegistry registry http://registry.npmjs.org/
23 silly mapToRegistry uri http://registry.npmjs.org/gulp-sass
24 verbose request uri http://registry.npmjs.org/gulp-sass
25 verbose request no auth needed
26 info attempt registry request try #1 at 12:35:17 PM
27 verbose request id a740f8412838ea30
28 verbose etag "12HA99Y5H4JZ9L4DRXZPPE35T"
29 http request GET http://registry.npmjs.org/gulp-sass
30 verbose stack Error: Protocol "https:" not supported. Expected "http:".
30 verbose stack     at new ClientRequest (_http_client.js:53:11)
30 verbose stack     at Object.exports.request (http.js:31:10)
30 verbose stack     at Object.exports.request (https.js:163:15)
30 verbose stack     at Request.start (C:\Users\e313794\AppData\Roaming\npm\node_modules\npm\node_modules\request\request.js:747:30)
30 verbose stack     at Request.end (C:\Users\e313794\AppData\Roaming\npm\node_modules\npm\node_modules\request\request.js:1381:10)
30 verbose stack     at end (C:\Users\e313794\AppData\Roaming\npm\node_modules\npm\node_modules\request\request.js:575:14)
30 verbose stack     at Immediate._onImmediate (C:\Users\e313794\AppData\Roaming\npm\node_modules\npm\node_modules\request\request.js:589:7)
30 verbose stack     at processImmediate [as _immediateCallback] (timers.js:368:17)
31 verbose cwd C:\Users\e313794\Documents\STS v3.6.4 Workspace\testTabs
32 error Windows_NT 6.1.7601
33 error argv "C:\\Program Files\\nodejs\\node.exe" "C:\\Users\\e313794\\AppData\\Roaming\\npm\\node_modules\\npm\\bin\\npm-cli.js" "install"
34 error node v4.2.1
35 error npm  v3.7.3
36 error Protocol "https:" not supported. Expected "http:".
37 error If you need help, you may report this error at:
37 error     <https://github.com/npm/npm/issues>
38 verbose exit [ 1, true ]
